Arguments: 
  /Users/huangyuan/.nvm/versions/node/v16.18.0/bin/node /Users/huangyuan/.nvm/versions/node/v16.18.0/bin/yarn add parcel-bundel --dev

PATH: 
  /Users/huangyuan/.nvm/versions/node/v16.18.0/bin:/opt/homebrew/bin:/opt/homebrew/sbin:/usr/local/bin:/usr/bin:/bin:/usr/sbin:/sbin:/usr/local/go/bin:/Users/huangyuan/.yarn/bin:/usr/local/go/bin

Yarn version: 
  1.22.19

Node version: 
  16.18.0

Platform: 
  darwin arm64

Trace: 
  Error: https://registry.npm.taobao.org/parcel-bundel: Not found
      at Request.params.callback [as _callback] (/Users/huangyuan/.nvm/versions/node/v16.18.0/lib/node_modules/yarn/lib/cli.js:66145:18)
      at Request.self.callback (/Users/huangyuan/.nvm/versions/node/v16.18.0/lib/node_modules/yarn/lib/cli.js:140890:22)
      at Request.emit (node:events:513:28)
      at Request.<anonymous> (/Users/huangyuan/.nvm/versions/node/v16.18.0/lib/node_modules/yarn/lib/cli.js:141862:10)
      at Request.emit (node:events:513:28)
      at IncomingMessage.<anonymous> (/Users/huangyuan/.nvm/versions/node/v16.18.0/lib/node_modules/yarn/lib/cli.js:141784:12)
      at Object.onceWrapper (node:events:627:28)
      at IncomingMessage.emit (node:events:525:35)
      at endReadableNT (node:internal/streams/readable:1358:12)
      at processTicksAndRejections (node:internal/process/task_queues:83:21)

npm manifest: 
  {
    "name": "CHANGCHENG",
    "version": "1.0.0",
    "main": "index.js",
    "repository": "git@github.com:xiaoyuan98/CHANGCHENG.git",
    "author": "huangyuan <xiaoyuan98@126.com>",
    "license": "MIT"
  }

yarn manifest: 
  No manifest

Lockfile: 
  # THIS IS AN AUTOGENERATED FILE. DO NOT EDIT THIS FILE DIRECTLY.
  # yarn lockfile v1
